android/app/build/intermediates/manifest_merge_blame_file/release/manifest-merger-blame-release-report.txt
1<?xml version="1.0" encoding="utf-8"?>
2<manifest xmlns:android="http://schemas.android.com/apk/res/android"
3    package="com.propertya"
4    android:versionCode="5"
5    android:versionName="1.0" >
6
7    <uses-sdk
8        android:minSdkVersion="21"
8-->src/main/AndroidManifest.xml
9        android:targetSdkVersion="33" />
9-->src/main/AndroidManifest.xml
10
11    <uses-permission android:name="android.permission.INTERNET" />
11-->src/main/AndroidManifest.xml:4:5-67
11-->src/main/AndroidManifest.xml:4:22-64
12    <uses-permission android:name="android.permission.ACCESS_FINE_LOCATION" />
12-->src/main/AndroidManifest.xml:5:5-79
12-->src/main/AndroidManifest.xml:5:22-76
13    <uses-permission android:name="android.permission.ACCESS_COARSE_LOCATION" />
13-->src/main/AndroidManifest.xml:6:5-81
13-->src/main/AndroidManifest.xml:6:22-78
14    <uses-permission android:name="android.permission.ACCESS_NETWORK_STATE" />
14-->[:react-native-community_netinfo] AndroidManifest.xml:9:5-79
14-->[:react-native-community_netinfo] AndroidManifest.xml:9:22-76
15    <uses-permission android:name="android.permission.ACCESS_WIFI_STATE" />
15-->[:react-native-community_netinfo] AndroidManifest.xml:10:5-76
15-->[:react-native-community_netinfo] AndroidManifest.xml:10:22-73
16
17    <uses-feature
17-->[com.google.android.gms:play-services-maps:18.1.0] AndroidManifest.xml:26:5-28:35
18        android:glEsVersion="0x00020000"
18-->[com.google.android.gms:play-services-maps:18.1.0] AndroidManifest.xml:27:9-41
19        android:required="true" />
19-->[com.google.android.gms:play-services-maps:18.1.0] AndroidManifest.xml:28:9-32
20
21    <queries>
21-->[com.google.android.gms:play-services-maps:18.1.0] AndroidManifest.xml:30:5-34:15
22
23        <!-- Needs to be explicitly declared on Android R+ -->
24        <package android:name="com.google.android.apps.maps" />
24-->[com.google.android.gms:play-services-maps:18.1.0] AndroidManifest.xml:33:9-64
24-->[com.google.android.gms:play-services-maps:18.1.0] AndroidManifest.xml:33:18-61
25    </queries>
26
27    <application
27-->src/main/AndroidManifest.xml:9:5-36:19
28        android:name="com.propertya.MainApplication"
28-->src/main/AndroidManifest.xml:10:9-40
29        android:allowBackup="false"
29-->src/main/AndroidManifest.xml:11:9-36
30        android:appComponentFactory="androidx.core.app.CoreComponentFactory"
30-->[androidx.core:core:1.6.0] AndroidManifest.xml:24:18-86
31        android:icon="@mipmap/ic_launcher"
31-->src/main/AndroidManifest.xml:12:9-43
32        android:label="@string/app_name"
32-->src/main/AndroidManifest.xml:13:9-41
33        android:roundIcon="@mipmap/ic_launcher_round"
33-->src/main/AndroidManifest.xml:15:9-54
34        android:theme="@style/AppTheme" >
34-->src/main/AndroidManifest.xml:16:9-40
35        <activity
35-->src/main/AndroidManifest.xml:17:9-28:20
36            android:name="com.propertya.MainActivity"
36-->src/main/AndroidManifest.xml:18:13-41
37            android:configChanges="keyboard|keyboardHidden|orientation|screenSize|uiMode"
37-->src/main/AndroidManifest.xml:19:13-90
38            android:exported="true"
38-->src/main/AndroidManifest.xml:20:13-36
39            android:label="@string/app_name"
39-->src/main/AndroidManifest.xml:21:13-45
40            android:launchMode="singleTask"
40-->src/main/AndroidManifest.xml:22:13-44
41            android:windowSoftInputMode="adjustResize" >
41-->src/main/AndroidManifest.xml:23:13-55
42            <intent-filter>
42-->src/main/AndroidManifest.xml:24:13-27:29
43                <action android:name="android.intent.action.MAIN" />
43-->src/main/AndroidManifest.xml:25:17-69
43-->src/main/AndroidManifest.xml:25:25-66
44
45                <category android:name="android.intent.category.LAUNCHER" />
45-->src/main/AndroidManifest.xml:26:17-77
45-->src/main/AndroidManifest.xml:26:27-74
46            </intent-filter>
47        </activity>
48        <activity
48-->src/main/AndroidManifest.xml:29:9-31:39
49            android:name="com.facebook.react.devsupport.DevSettingsActivity"
49-->src/main/AndroidManifest.xml:30:13-77
50            android:exported="true" />
50-->src/main/AndroidManifest.xml:31:13-36
51
52        <meta-data
52-->src/main/AndroidManifest.xml:33:9-35:71
53            android:name="com.google.android.geo.API_KEY"
53-->src/main/AndroidManifest.xml:34:13-58
54            android:value="AIzaSyCzOYPqvKZQIM6avhzLB6acxjMJxSpblKA" />
54-->src/main/AndroidManifest.xml:35:13-68
55
56        <provider
56-->[:react-native-webview] AndroidManifest.xml:12:9-20:20
57            android:name="com.reactnativecommunity.webview.RNCWebViewFileProvider"
57-->[:react-native-webview] AndroidManifest.xml:13:13-83
58            android:authorities="com.propertya.fileprovider"
58-->[:react-native-webview] AndroidManifest.xml:14:13-64
59            android:exported="false"
59-->[:react-native-webview] AndroidManifest.xml:15:13-37
60            android:grantUriPermissions="true" >
60-->[:react-native-webview] AndroidManifest.xml:16:13-47
61            <meta-data
61-->[:react-native-webview] AndroidManifest.xml:17:13-19:63
62                android:name="android.support.FILE_PROVIDER_PATHS"
62-->[:react-native-webview] AndroidManifest.xml:18:17-67
63                android:resource="@xml/file_provider_paths" />
63-->[:react-native-webview] AndroidManifest.xml:19:17-60
64        </provider> <!-- Needs to be explicitly declared on P+ -->
65        <uses-library
65-->[com.google.android.gms:play-services-maps:18.1.0] AndroidManifest.xml:39:9-41:40
66            android:name="org.apache.http.legacy"
66-->[com.google.android.gms:play-services-maps:18.1.0] AndroidManifest.xml:40:13-50
67            android:required="false" />
67-->[com.google.android.gms:play-services-maps:18.1.0] AndroidManifest.xml:41:13-37
68
69        <activity
69-->[com.google.android.gms:play-services-base:18.1.0] AndroidManifest.xml:20:9-22:45
70            android:name="com.google.android.gms.common.api.GoogleApiActivity"
70-->[com.google.android.gms:play-services-base:18.1.0] AndroidManifest.xml:20:19-85
71            android:exported="false"
71-->[com.google.android.gms:play-services-base:18.1.0] AndroidManifest.xml:22:19-43
72            android:theme="@android:style/Theme.Translucent.NoTitleBar" />
72-->[com.google.android.gms:play-services-base:18.1.0] AndroidManifest.xml:21:19-78
73
74        <meta-data
74-->[com.google.maps.android:android-maps-utils:0.5] AndroidManifest.xml:8:9-10:69
75            android:name="com.google.android.gms.version"
75-->[com.google.maps.android:android-maps-utils:0.5] AndroidManifest.xml:9:13-58
76            android:value="@integer/google_play_services_version" />
76-->[com.google.maps.android:android-maps-utils:0.5] AndroidManifest.xml:10:13-66
77    </application>
78
79</manifest>